/usr/sbin/mysqld, Version: 5.5.49-0+deb8u1-log ((Debian)). started with:
Tcp port: 3306  Unix socket: /var/run/mysqld/mysqld.sock
Time                 Id Command    Argument
# Time: 160529 16:55:28
# User@Host: root[root] @ localhost [127.0.0.1]
# Query_time: 5.272871  Lock_time: 0.000132 Rows_sent: 52  Rows_examined: 269150
use forum;
SET timestamp=1464530128;
SELECT *, u.id as main_id FROM Users u JOIN Posts p ON u.email = p.user WHERE p.forum='h48' GROUP BY u.id  ORDER BY u.name asc LIMIT 52;
# Time: 160529 16:56:02
# User@Host: root[root] @ localhost [127.0.0.1]
# Query_time: 5.020351  Lock_time: 0.000065 Rows_sent: 75  Rows_examined: 242859
SET timestamp=1464530162;
SELECT *, u.id as main_id FROM Users u JOIN Posts p ON u.email = p.user WHERE p.forum='gzv' GROUP BY u.id  ORDER BY u.name desc LIMIT 75;
# Time: 160529 16:57:10
# User@Host: root[root] @ localhost [127.0.0.1]
# Query_time: 5.071145  Lock_time: 0.000096 Rows_sent: 52  Rows_examined: 263492
SET timestamp=1464530230;
SELECT *, u.id as main_id FROM Users u JOIN Posts p ON u.email = p.user WHERE p.forum='76nytieswk' GROUP BY u.id  ORDER BY u.name desc LIMIT 52;
# Time: 160529 16:57:29
# User@Host: root[root] @ localhost [127.0.0.1]
# Query_time: 5.154152  Lock_time: 0.000109 Rows_sent: 80  Rows_examined: 254158
SET timestamp=1464530249;
SELECT *, u.id as main_id FROM Users u JOIN Posts p ON u.email = p.user WHERE p.forum='dbi5kvqmt' GROUP BY u.id  ORDER BY u.name desc LIMIT 80;
# Time: 160529 16:57:38
# User@Host: root[root] @ localhost [127.0.0.1]
# Query_time: 5.391211  Lock_time: 0.000073 Rows_sent: 71  Rows_examined: 254149
SET timestamp=1464530258;
SELECT *, u.id as main_id FROM Users u JOIN Posts p ON u.email = p.user WHERE p.forum='dbi5kvqmt' GROUP BY u.id  ORDER BY u.name asc LIMIT 71;
# Time: 160529 16:57:47
# User@Host: root[root] @ localhost [127.0.0.1]
# Query_time: 5.059129  Lock_time: 0.000095 Rows_sent: 28  Rows_examined: 263468
SET timestamp=1464530267;
SELECT *, u.id as main_id FROM Users u JOIN Posts p ON u.email = p.user WHERE p.forum='76nytieswk' GROUP BY u.id  ORDER BY u.name desc LIMIT 28;
# Time: 160529 16:58:14
# User@Host: root[root] @ localhost [127.0.0.1]
# Query_time: 5.022147  Lock_time: 0.000113 Rows_sent: 63  Rows_examined: 267150
SET timestamp=1464530294;
SELECT *, u.id as main_id FROM Users u JOIN Posts p ON u.email = p.user WHERE p.forum='gx59rwt4' GROUP BY u.id  ORDER BY u.name asc LIMIT 63;
# Time: 160529 16:58:52
# User@Host: root[root] @ localhost [127.0.0.1]
# Query_time: 5.351544  Lock_time: 0.000116 Rows_sent: 69  Rows_examined: 254147
SET timestamp=1464530332;
SELECT *, u.id as main_id FROM Users u JOIN Posts p ON u.email = p.user WHERE p.forum='dbi5kvqmt' GROUP BY u.id  ORDER BY u.name desc LIMIT 69;
# Time: 160529 16:59:33
# User@Host: root[root] @ localhost [127.0.0.1]
# Query_time: 5.222847  Lock_time: 0.000065 Rows_sent: 69  Rows_examined: 256079
SET timestamp=1464530373;
SELECT *, u.id as main_id FROM Users u JOIN Posts p ON u.email = p.user WHERE p.forum='4v1' GROUP BY u.id  ORDER BY u.name asc LIMIT 69;
# Time: 160529 16:59:55
# User@Host: root[root] @ localhost [127.0.0.1]
# Query_time: 5.038362  Lock_time: 0.000120 Rows_sent: 27  Rows_examined: 264022
SET timestamp=1464530395;
SELECT *, u.id as main_id FROM Users u JOIN Posts p ON u.email = p.user WHERE p.forum='av' GROUP BY u.id  ORDER BY u.name asc LIMIT 27;
# Time: 160529 17:00:00
# User@Host: root[root] @ localhost [127.0.0.1]
# Query_time: 5.006860  Lock_time: 0.000045 Rows_sent: 21  Rows_examined: 254099
SET timestamp=1464530400;
SELECT *, u.id as main_id FROM Users u JOIN Posts p ON u.email = p.user WHERE p.forum='dbi5kvqmt' GROUP BY u.id  ORDER BY u.name desc LIMIT 21;
# Time: 160529 17:00:05
# User@Host: root[root] @ localhost [127.0.0.1]
# Query_time: 5.079194  Lock_time: 0.000126 Rows_sent: 87  Rows_examined: 267174
SET timestamp=1464530405;
SELECT *, u.id as main_id FROM Users u JOIN Posts p ON u.email = p.user WHERE p.forum='gx59rwt4' GROUP BY u.id  ORDER BY u.name asc LIMIT 87;
